rm: cannot remove ‘/mnt/pmfs/’: Permission denied
/home/stewart/codes/apps/jpeg-6b/run_jpeg.sh: line 30: /home/sudarsun/nvmalloc/scripts/delete_shm.sh: No such file or directory
LOADING PROCESS OBJECT
Result:	\ not found
LOADING PROCESS OBJECT
	Command being timed: "/home/stewart/codes/apps/jpeg-6b/djpeg -dct int -bmp -outfile im1029.jpg.bmp /mnt/pmfs/"
	User time (seconds): 7.14
	System time (seconds): 1.17
	Percent of CPU this job got: 74%
	Elapsed (wall clock) time (h:mm:ss or m:ss): 0:11.17
	Average shared text size (kbytes): 0
	Average unshared data size (kbytes): 0
	Average stack size (kbytes): 0
	Average total size (kbytes): 0
	Maximum resident set size (kbytes): 943640
	Average resident set size (kbytes): 0
	Major (requiring I/O) page faults: 815
	Minor (reclaiming a frame) page faults: 236666
	Voluntary context switches: 849
	Involuntary context switches: 1562
	Swaps: 0
	File system inputs: 67176
	File system outputs: 8
	Socket messages sent: 0
	Socket messages received: 0
	Signals delivered: 0
	Page size (bytes): 4096
	Exit status: 0
rm: cannot remove ‘/mnt/pmfs/’: Permission denied
/home/stewart/codes/apps/jpeg-6b/run_jpeg.sh: line 30: /home/sudarsun/nvmalloc/scripts/delete_shm.sh: No such file or directory
LOADING PROCESS OBJECT
Result:	\ not found
LOADING PROCESS OBJECT
	Command being timed: "/home/stewart/codes/apps/jpeg-6b/djpeg -dct int -bmp -outfile im1029.jpg.bmp /mnt/pmfs/"
	User time (seconds): 7.00
	System time (seconds): 0.66
	Percent of CPU this job got: 99%
	Elapsed (wall clock) time (h:mm:ss or m:ss): 0:07.71
	Average shared text size (kbytes): 0
	Average unshared data size (kbytes): 0
	Average stack size (kbytes): 0
	Average total size (kbytes): 0
	Maximum resident set size (kbytes): 944416
	Average resident set size (kbytes): 0
	Major (requiring I/O) page faults: 19
	Minor (reclaiming a frame) page faults: 237086
	Voluntary context switches: 41
	Involuntary context switches: 1062
	Swaps: 0
	File system inputs: 6496
	File system outputs: 8
	Socket messages sent: 0
	Socket messages received: 0
	Signals delivered: 0
	Page size (bytes): 4096
	Exit status: 0
APP: JPEG-UsrObj-SysPVM
